=========================================
NVIDIA GPU DIAGNOSTIC LOG
Date: 2026-07-05 15:22:23
=========================================

--- SYSTEM DETAILS ---
BIOS: American Megatrends Inc. GL553VD.308 (Version: _ASUS_ - 1072009)
System Model: ASUSTeK COMPUTER INC. GL553VD
Baseboard: ASUSTeK COMPUTER INC. GL553VD

--- PNP DISPLAY DEVICES ---
Name: NVIDIA GeForce GTX 1050
  InstanceId: PCI\VEN_10DE&DEV_1C8D&SUBSYS_15E01043&REV_A1\4&206BFE2D&0&0008
  Status: Error
  ConfigManagerErrorCode: CM_PROB_FAILED_POST_START
  ProblemCode: CM_PROB_FAILED_POST_START
  Present: True

Name: Intel(R) HD Graphics 630
  InstanceId: PCI\VEN_8086&DEV_591B&SUBSYS_15E01043&REV_04\3&11583659&0&10
  Status: OK
  ConfigManagerErrorCode: CM_PROB_NONE
  ProblemCode: CM_PROB_NONE
  Present: True

--- WIN32 VIDEO CONTROLLERS ---
Name: NVIDIA GeForce GTX 1050
  Status: Error
  ConfigManagerErrorCode: 43
  DriverVersion: 31.0.15.1640
  DriverDate: 06/05/2022 21:00:00
  InfFilename: oem81.inf
  InstalledDisplayDrivers: C:\WINDOWS\System32\DriverStore\FileRepository\nvamig.inf_amd64_9682deda3bac5b6f\nvldumdx.dll,C:\WINDOWS\System32\DriverStore\FileRepository\nvamig.inf_amd64_9682deda3bac5b6f\nvldumdx.dll,C:\WINDOWS\System32\DriverStore\FileRepository\nvamig.inf_amd64_9682deda3bac5b6f\nvldumdx.dll,C:\WINDOWS\System32\DriverStore\FileRepository\nvamig.inf_amd64_9682deda3bac5b6f\nvldumdx.dll
  VideoProcessor: 
  AdapterRAM: 

Name: Intel(R) HD Graphics 630
  Status: OK
  ConfigManagerErrorCode: 0
  DriverVersion: 27.20.100.8682
  DriverDate: 09/04/2020 21:00:00
  InfFilename: oem75.inf
  InstalledDisplayDrivers: C:\WINDOWS\System32\DriverStore\FileRepository\igdlh64.inf_amd64_f3c939cc0a6aead2\igdumdim64.dll,C:\WINDOWS\System32\DriverStore\FileRepository\igdlh64.inf_amd64_f3c939cc0a6aead2\igd10iumd64.dll,C:\WINDOWS\System32\DriverStore\FileRepository\igdlh64.inf_amd64_f3c939cc0a6aead2\igd10iumd64.dll,C:\WINDOWS\System32\DriverStore\FileRepository\igdlh64.inf_amd64_f3c939cc0a6aead2\igd12umd64.dll
  VideoProcessor: Intel(R) HD Graphics Family
  AdapterRAM: 1073741824

--- INSTALLED DISPLAY DRIVERS (PNPUTIL) ---
PublishedName: oem52.inf
  ProviderName: Intel Corporation
  ClassName: Adaptadores de pantalla
  ClassGUID: {4d36e968-e325-11ce-bfc1-08002be10318}
  DriverVersion: 
  SignerName: Microsoft Windows Hardware Compatibility Publisher

PublishedName: oem75.inf
  ProviderName: Intel Corporation
  ClassName: Adaptadores de pantalla
  ClassGUID: {4d36e968-e325-11ce-bfc1-08002be10318}
  DriverVersion: 
  SignerName: Microsoft Windows Hardware Compatibility Publisher

PublishedName: oem81.inf
  ProviderName: NVIDIA
  ClassName: Adaptadores de pantalla
  ClassGUID: {4d36e968-e325-11ce-bfc1-08002be10318}
  DriverVersion: 
  SignerName: Microsoft Windows Hardware Compatibility Publisher

--- NVIDIA SERVICES ---
Name: NvContainerLocalSystem | DisplayName: NVIDIA LocalSystem Container | Status: Running | StartType: Automatic
Name: NVDisplay.ContainerLocalSystem | DisplayName: NVIDIA Display Container LS | Status: Running | StartType: Automatic
Name: SessionEnv | DisplayName: Configuración de Escritorio remoto | Status: Stopped | StartType: Manual

--- SYSTEM EVENT LOGS (LAST 20 DISPLAY / KERNEL-PNP / NVLDDMKM ERRORS) ---
TimeCreated: 09/17/2025 14:59:16
  Provider: Microsoft-Windows-Kernel-PnP
  Id: 219
  Message: No se pudo cargar el controlador \Driver\WudfRd para el dispositivo USB\VID_2717&PID_FF40\62bcbffa.

